<?xml version="1.0" encoding="UTF-8"?>
<!-- Generated by org.testng.reporters.JUnitXMLReporter -->
<testsuite hostname="svanik" name="Command line test" tests="4" failures="0" timestamp="22 Sep 2015 07:14:09 GMT" time="0.026" errors="0">
  <testcase name="afterMethod" time="0.001" classname="seleniumtutorial.TestExamples"/>
  <testcase name="beforeMethod" time="0.0" classname="seleniumtutorial.TestExamples"/>
  <testcase name="test1" time="0.001" classname="seleniumtutorial.TestExamples"/>
  <testcase name="test2" time="0.0" classname="seleniumtutorial.TestExamples"/>
</testsuite> <!-- Command line test -->
