<?xml version="1.0" encoding="UTF-8"?>
<!-- Generated by org.testng.reporters.JUnitXMLReporter -->
<testsuite hostname="svanik" name="test1" tests="6" failures="0" timestamp="22 Sep 2015 07:44:19 GMT" time="23.95" errors="0">
  <testcase name="login" time="2.202" classname="seleniumtutorial.Hotel_Login"/>
  <testcase name="testHotelApp" time="14.858" classname="seleniumtutorial.Hotel_Login"/>
  <testcase name="afterMethod" time="0.0" classname="seleniumtutorial.TestExamples"/>
  <testcase name="beforeMethod" time="0.0" classname="seleniumtutorial.TestExamples"/>
  <testcase name="test1" time="0.0" classname="seleniumtutorial.TestExamples"/>
  <testcase name="test2" time="0.0" classname="seleniumtutorial.TestExamples"/>
</testsuite> <!-- test1 -->
