<?xml version="1.0" encoding="UTF-8"?>
<!-- Generated by org.testng.reporters.JUnitXMLReporter -->
<testsuite hostname="svanik" name="test2" tests="6" failures="0" timestamp="22 Sep 2015 07:43:56 GMT" time="52.085" errors="0">
  <testcase name="Dragable" time="7.774" classname="smoketest.Drag"/>
  <testcase name="Dragable" time="7.434" classname="smoketest.Drop"/>
  <testcase name="DropD" time="16.612" classname="smoketest.DropDown"/>
  <testcase name="JavaScriptExample" time="6.24" classname="smoketest.javaScriptExample"/>
  <testcase name="Dragable" time="7.476" classname="smoketest.Resize"/>
  <testcase name="Dragable" time="6.532" classname="smoketest.Slider"/>
</testsuite> <!-- test2 -->
