<?xml version="1.0" encoding="UTF-8"?>
<!-- Generated by org.testng.reporters.JUnitXMLReporter -->
<testsuite hostname="svanik" name="test2" tests="6" failures="0" timestamp="22 Sep 2015 06:46:01 GMT" time="67.57" errors="0">
  <testcase name="Dragable" time="11.341" classname="smoketest.Drag"/>
  <testcase name="Dragable" time="9.062" classname="smoketest.Drop"/>
  <testcase name="DropD" time="21.17" classname="smoketest.DropDown"/>
  <testcase name="JavaScriptExample" time="6.994" classname="smoketest.javaScriptExample"/>
  <testcase name="Dragable" time="8.604" classname="smoketest.Resize"/>
  <testcase name="Dragable" time="10.364" classname="smoketest.Slider"/>
</testsuite> <!-- test2 -->
