<?xml version="1.0" encoding="UTF-8"?>
<testng-results skipped="0" failed="0" total="1" passed="1">
  <reporter-output>
  </reporter-output>
  <suite name="Default suite" duration-ms="45" started-at="2015-09-22T09:55:29Z" finished-at="2015-09-22T09:55:29Z">
    <groups>
    </groups>
    <test name="Default test" duration-ms="45" started-at="2015-09-22T09:55:29Z" finished-at="2015-09-22T09:55:29Z">
      <class name="seleniumtutorial.svanik">
        <test-method status="PASS" signature="reddy()[pri:0, instance:seleniumtutorial.svanik@4cdbe50f]" name="reddy" duration-ms="22" started-at="2015-09-22T19:55:29Z" finished-at="2015-09-22T19:55:29Z">
          <reporter-output>
          </reporter-output>
        </test-method> <!-- reddy -->
      </class> <!-- seleniumtutorial.svanik -->
    </test> <!-- Default test -->
  </suite> <!-- Default suite -->
</testng-results>
